<?xml version="1.0" encoding="UTF-8"?>
<testsuite name="academy.digitallab.store.config.ConfigServiceApplicationTests" tests="1" skipped="0" failures="0" errors="0" timestamp="2021-07-02T23:56:05" hostname="CHRISTIANPC" time="0.725">
  <properties/>
  <testcase name="contextLoads()" classname="academy.digitallab.store.config.ConfigServiceApplicationTests" time="0.725"/>
  <system-out><![CDATA[18:55:57.692 [Test worker] DEBUG org.springframework.test.context.BootstrapUtils - Instantiating CacheAwareContextLoaderDelegate from class [org.springframework.test.context.cache.DefaultCacheAwareContextLoaderDelegate]
18:55:57.718 [Test worker] DEBUG org.springframework.test.context.BootstrapUtils - Instantiating BootstrapContext using constructor [public org.springframework.test.context.support.DefaultBootstrapContext(java.lang.Class,org.springframework.test.context.CacheAwareContextLoaderDelegate)]
18:55:57.780 [Test worker] DEBUG org.springframework.test.context.BootstrapUtils - Instantiating TestContextBootstrapper for test class [academy.digitallab.store.config.ConfigServiceApplicationTests] from class [org.springframework.boot.test.context.SpringBootTestContextBootstrapper]
18:55:57.807 [Test worker] INFO org.springframework.boot.test.context.SpringBootTestContextBootstrapper - Neither @ContextConfiguration nor @ContextHierarchy found for test class [academy.digitallab.store.config.ConfigServiceApplicationTests], using SpringBootContextLoader
18:55:57.815 [Test worker] DEBUG org.springframework.test.context.support.AbstractContextLoader - Did not detect default resource location for test class [academy.digitallab.store.config.ConfigServiceApplicationTests]: class path resource [academy/digitallab/store/config/ConfigServiceApplicationTests-context.xml] does not exist
18:55:57.817 [Test worker] DEBUG org.springframework.test.context.support.AbstractContextLoader - Did not detect default resource location for test class [academy.digitallab.store.config.ConfigServiceApplicationTests]: class path resource [academy/digitallab/store/config/ConfigServiceApplicationTestsContext.groovy] does not exist
18:55:57.819 [Test worker] INFO org.springframework.test.context.support.AbstractContextLoader - Could not detect default resource locations for test class [academy.digitallab.store.config.ConfigServiceApplicationTests]: no resource found for suffixes {-context.xml, Context.groovy}.
18:55:57.822 [Test worker] INFO org.springframework.test.context.support.AnnotationConfigContextLoaderUtils - Could not detect default configuration classes for test class [academy.digitallab.store.config.ConfigServiceApplicationTests]: ConfigServiceApplicationTests does not declare any static, non-private, non-final, nested classes annotated with @Configuration.
18:55:57.926 [Test worker] DEBUG org.springframework.test.context.support.ActiveProfilesUtils - Could not find an 'annotation declaring class' for annotation type [org.springframework.test.context.ActiveProfiles] and class [academy.digitallab.store.config.ConfigServiceApplicationTests]
18:55:58.064 [Test worker] DEBUG org.springframework.context.annotation.ClassPathScanningCandidateComponentProvider - Identified candidate component class: file [C:\Users\usuario\Desktop\ms-course-youtube-master\config-service\build\classes\java\main\academy\digitallab\store\config\ConfigServiceApplication.class]
18:55:58.066 [Test worker] INFO org.springframework.boot.test.context.SpringBootTestContextBootstrapper - Found @SpringBootConfiguration academy.digitallab.store.config.ConfigServiceApplication for test class academy.digitallab.store.config.ConfigServiceApplicationTests
18:55:58.269 [Test worker] DEBUG org.springframework.boot.test.context.SpringBootTestContextBootstrapper - @TestExecutionListeners is not present for class [academy.digitallab.store.config.ConfigServiceApplicationTests]: using defaults.
18:55:58.283 [Test worker] INFO org.springframework.boot.test.context.SpringBootTestContextBootstrapper - Loaded default TestExecutionListener class names from location [META-INF/spring.factories]: [org.springframework.security.test.context.support.WithSecurityContextTestExecutionListener, org.springframework.security.test.context.support.ReactorContextTestExecutionListener, org.springframework.boot.test.autoconfigure.restdocs.RestDocsTestExecutionListener, org.springframework.boot.test.autoconfigure.web.client.MockRestServiceServerResetTestExecutionListener, org.springframework.boot.test.autoconfigure.web.servlet.MockMvcPrintOnlyOnFailureTestExecutionListener, org.springframework.boot.test.autoconfigure.web.servlet.WebDriverTestExecutionListener, org.springframework.boot.test.autoconfigure.webservices.client.MockWebServiceServerTestExecutionListener, org.springframework.boot.test.mock.mockito.MockitoTestExecutionListener, org.springframework.boot.test.mock.mockito.ResetMocksTestExecutionListener, org.springframework.test.context.web.ServletTestExecutionListener, org.springframework.test.context.support.DirtiesContextBeforeModesTestExecutionListener, org.springframework.test.context.support.DependencyInjectionTestExecutionListener, org.springframework.test.context.support.DirtiesContextTestExecutionListener, org.springframework.test.context.transaction.TransactionalTestExecutionListener, org.springframework.test.context.jdbc.SqlScriptsTestExecutionListener, org.springframework.test.context.event.EventPublishingTestExecutionListener]
18:55:58.315 [Test worker] DEBUG org.springframework.boot.test.context.SpringBootTestContextBootstrapper - Skipping candidate TestExecutionListener [org.springframework.test.context.transaction.TransactionalTestExecutionListener] due to a missing dependency. Specify custom listener classes or make the default listener classes and their required dependencies available. Offending class: [org/springframework/transaction/interceptor/TransactionAttributeSource]
18:55:58.317 [Test worker] DEBUG org.springframework.boot.test.context.SpringBootTestContextBootstrapper - Skipping candidate TestExecutionListener [org.springframework.test.context.jdbc.SqlScriptsTestExecutionListener] due to a missing dependency. Specify custom listener classes or make the default listener classes and their required dependencies available. Offending class: [org/springframework/transaction/interceptor/TransactionAttribute]
18:55:58.317 [Test worker] INFO org.springframework.boot.test.context.SpringBootTestContextBootstrapper - Using TestExecutionListeners: [org.springframework.test.context.web.ServletTestExecutionListener@324b5509, org.springframework.test.context.support.DirtiesContextBeforeModesTestExecutionListener@609a16be, org.springframework.boot.test.mock.mockito.MockitoTestExecutionListener@6e0654d3, org.springframework.boot.test.autoconfigure.SpringBootDependencyInjectionTestExecutionListener@3527bb2, org.springframework.test.context.support.DirtiesContextTestExecutionListener@6bd995cc, org.springframework.security.test.context.support.WithSecurityContextTestExecutionListener@5b4641ef, org.springframework.test.context.event.EventPublishingTestExecutionListener@73a2698, org.springframework.security.test.context.support.ReactorContextTestExecutionListener@17a55226, org.springframework.boot.test.autoconfigure.restdocs.RestDocsTestExecutionListener@30f5c2eb, org.springframework.boot.test.autoconfigure.web.client.MockRestServiceServerResetTestExecutionListener@59d5a423, org.springframework.boot.test.autoconfigure.web.servlet.MockMvcPrintOnlyOnFailureTestExecutionListener@f8d5767, org.springframework.boot.test.autoconfigure.web.servlet.WebDriverTestExecutionListener@320410d2, org.springframework.boot.test.autoconfigure.webservices.client.MockWebServiceServerTestExecutionListener@2cf86ee3, org.springframework.boot.test.mock.mockito.ResetMocksTestExecutionListener@587823e3]
18:55:58.328 [Test worker] DEBUG org.springframework.test.context.support.AbstractDirtiesContextTestExecutionListener - Before test class: context [DefaultTestContext@40e2c710 testClass = ConfigServiceApplicationTests, testInstance = [null], testMethod = [null], testException = [null], mergedContextConfiguration = [WebMergedContextConfiguration@6f3bf887 testClass = ConfigServiceApplicationTests, locations = '{}', classes = '{class academy.digitallab.store.config.ConfigServiceApplication}', contextInitializerClasses = '[]', activeProfiles = '{}', propertySourceLocations = '{}', propertySourceProperties = '{org.springframework.boot.test.context.SpringBootTestContextBootstrapper=true}', contextCustomizers = set[org.springframework.boot.test.autoconfigure.properties.PropertyMappingContextCustomizer@0, org.springframework.boot.test.autoconfigure.web.servlet.WebDriverContextCustomizerFactory$Customizer@3315e88e, org.springframework.boot.test.context.filter.ExcludeFilterContextCustomizer@1bf56bcd, org.springframework.boot.test.json.DuplicateJsonObjectContextCustomizerFactory$DuplicateJsonObjectContextCustomizer@f02a4f6, org.springframework.boot.test.mock.mockito.MockitoContextCustomizer@0, org.springframework.boot.test.web.client.TestRestTemplateContextCustomizer@ce66681, org.springframework.boot.test.context.SpringBootTestArgs@1], resourceBasePath = 'src/main/webapp', contextLoader = 'org.springframework.boot.test.context.SpringBootContextLoader', parent = [null]], attributes = map['org.springframework.test.context.web.ServletTestExecutionListener.activateListener' -> true]], class annotated with @DirtiesContext [false] with mode [null].
18:55:58.408 [Test worker] DEBUG org.springframework.test.context.support.TestPropertySourceUtils - Adding inlined properties to environment: {spring.jmx.enabled=false, org.springframework.boot.test.context.SpringBootTestContextBootstrapper=true}

  .   ____          _            __ _ _
 /\\ / ___'_ __ _ _(_)_ __  __ _ \ \ \ \
( ( )\___ | '_ | '_| | '_ \/ _` | \ \ \ \
 \\/  ___)| |_)| | | | | || (_| |  ) ) ) )
  '  |____| .__|_| |_|_| |_\__, | / / / /
 =========|_|==============|___/=/_/_/_/
 :: Spring Boot ::        (v2.3.2.RELEASE)

2021-07-02 18:56:00.047  INFO 13440 --- [    Test worker] a.d.s.c.ConfigServiceApplicationTests    : No active profile set, falling back to default profiles: default
2021-07-02 18:56:01.834  INFO 13440 --- [    Test worker] o.s.cloud.context.scope.GenericScope     : BeanFactory id=fe9715f9-eee1-3d83-915a-f744d199668f
2021-07-02 18:56:02.954  INFO 13440 --- [    Test worker] o.s.s.concurrent.ThreadPoolTaskExecutor  : Initializing ExecutorService 'applicationTaskExecutor'
2021-07-02 18:56:04.982  INFO 13440 --- [    Test worker] o.s.s.web.DefaultSecurityFilterChain     : Creating filter chain: any request, [org.springframework.security.web.context.request.async.WebAsyncManagerIntegrationFilter@2fedb432, org.springframework.security.web.context.SecurityContextPersistenceFilter@57042c97, org.springframework.security.web.header.HeaderWriterFilter@315550ea, org.springframework.security.web.csrf.CsrfFilter@7129563f, org.springframework.security.web.authentication.logout.LogoutFilter@6c6a2215, org.springframework.security.web.authentication.UsernamePasswordAuthenticationFilter@6e6b3571, org.springframework.security.web.authentication.ui.DefaultLoginPageGeneratingFilter@697f2325, org.springframework.security.web.authentication.ui.DefaultLogoutPageGeneratingFilter@684ebf28, org.springframework.security.web.authentication.www.BasicAuthenticationFilter@7c24f34e, org.springframework.security.web.savedrequest.RequestCacheAwareFilter@27510435, org.springframework.security.web.servletapi.SecurityContextHolderAwareRequestFilter@6c00caf5, org.springframework.security.web.authentication.AnonymousAuthenticationFilter@5d77edcc, org.springframework.security.web.session.SessionManagementFilter@16b55cd8, org.springframework.security.web.access.ExceptionTranslationFilter@7690dccd, org.springframework.security.web.access.intercept.FilterSecurityInterceptor@74b13870]
2021-07-02 18:56:05.545  INFO 13440 --- [    Test worker] o.s.b.a.e.web.EndpointLinksResolver      : Exposing 2 endpoint(s) beneath base path '/actuator'
2021-07-02 18:56:05.667  INFO 13440 --- [    Test worker] a.d.s.c.ConfigServiceApplicationTests    : Started ConfigServiceApplicationTests in 7.241 seconds (JVM running for 9.811)
]]></system-out>
  <system-err><![CDATA[]]></system-err>
</testsuite>
